<?xml version="1.0" encoding="utf-8"?>
<TestRun id="692b3ed0-54c2-4044-ab60-e80e0da71c0c" name="e5640771@LT6J33SN2 2022-03-17 00:33:58" runUser="FNFIS\e5640771" xmlns="http://microsoft.com/schemas/VisualStudio/TeamTest/2010">
  <Times creation="2022-03-17T00:33:58.3550608-04:00" queuing="2022-03-17T00:33:58.3550610-04:00" start="2022-03-17T00:33:52.6856180-04:00" finish="2022-03-17T00:34:25.5383559-04:00" />
  <TestSettings name="default" id="23942cb1-ec69-4612-a9c1-42c268cccfa4">
    <Deployment runDeploymentRoot="e5640771_LT6J33SN2_2022-03-17_00_33_58" />
  </TestSettings>
  <Results>
    <UnitTestResult executionId="23dd42d3-8f3d-46aa-aaa6-f1c2c539df1f" testId="e00e754c-6d5f-ac30-d28b-ce0d0980d5da" testName="TestOpenGoogle()" computerName="LT6J33SN2" duration="00:00:24.3715340" startTime="2022-03-17T00:33:56.8211421-04:00" endTime="2022-03-17T00:34:21.1929414-04:00" testType="13cdc9d9-ddb5-4fa4-a97d-d965ccfc6d4b" outcome="Passed" testListId="8c84fa94-04c1-424b-9868-57a2d4851a1d" relativeResultsDirectory="23dd42d3-8f3d-46aa-aaa6-f1c2c539df1f" />
    <UnitTestResult executionId="b1d0902a-564e-4171-add7-824df321a16e" testId="8562d3e2-4b83-2b57-d766-dba3bf5b05dd" testName="Test2()" computerName="LT6J33SN2" duration="00:00:00.0474490" startTime="2022-03-17T00:33:56.7689696-04:00" endTime="2022-03-17T00:33:56.8162988-04:00" testType="13cdc9d9-ddb5-4fa4-a97d-d965ccfc6d4b" outcome="Passed" testListId="8c84fa94-04c1-424b-9868-57a2d4851a1d" relativeResultsDirectory="b1d0902a-564e-4171-add7-824df321a16e" />
  </Results>
  <TestDefinitions>
    <UnitTest name="Test2()" storage="c:\projects\jira\lplclsint-389-docgen\unittests\bin\debug\net5.0\unittests.dll" id="8562d3e2-4b83-2b57-d766-dba3bf5b05dd">
      <Execution id="b1d0902a-564e-4171-add7-824df321a16e" />
      <TestMethod codeBase="c:\Projects\Jira\LPLCLSINT-389-DocGen\UnitTests\bin\Debug\net5.0\UnitTests.dll" adapterTypeName="executor://nunit3testexecutor/" className="UnitTests.Tests" name="Test2()" />
    </UnitTest>
    <UnitTest name="TestOpenGoogle()" storage="c:\projects\jira\lplclsint-389-docgen\unittests\bin\debug\net5.0\unittests.dll" id="e00e754c-6d5f-ac30-d28b-ce0d0980d5da">
      <Execution id="23dd42d3-8f3d-46aa-aaa6-f1c2c539df1f" />
      <TestMethod codeBase="c:\Projects\Jira\LPLCLSINT-389-DocGen\UnitTests\bin\Debug\net5.0\UnitTests.dll" adapterTypeName="executor://nunit3testexecutor/" className="UnitTests.Tests" name="TestOpenGoogle()" />
    </UnitTest>
  </TestDefinitions>
  <TestEntries>
    <TestEntry testId="e00e754c-6d5f-ac30-d28b-ce0d0980d5da" executionId="23dd42d3-8f3d-46aa-aaa6-f1c2c539df1f" testListId="8c84fa94-04c1-424b-9868-57a2d4851a1d" />
    <TestEntry testId="8562d3e2-4b83-2b57-d766-dba3bf5b05dd" executionId="b1d0902a-564e-4171-add7-824df321a16e" testListId="8c84fa94-04c1-424b-9868-57a2d4851a1d" />
  </TestEntries>
  <TestLists>
    <TestList name="Results Not in a List" id="8c84fa94-04c1-424b-9868-57a2d4851a1d" />
    <TestList name="All Loaded Results" id="19431567-8539-422a-85d7-44ee4e166bda" />
  </TestLists>
  <ResultSummary outcome="Completed">
    <Counters total="2" executed="2" passed="2" failed="0" error="0" timeout="0" aborted="0" inconclusive="0" passedButRunAborted="0" notRunnable="0" notExecuted="0" disconnected="0" warning="0" completed="0" inProgress="0" pending="0" />
    <Output>
      <StdOut>NUnit Adapter 3.17.0.0: Test execution started&#xD;
Running all tests in c:\Projects\Jira\LPLCLSINT-389-DocGen\UnitTests\bin\Debug\net5.0\UnitTests.dll&#xD;
   NUnit3TestExecutor discovered 2 of 2 NUnit test cases&#xD;
NUnit Adapter 3.17.0.0: Test execution complete&#xD;
</StdOut>
    </Output>
  </ResultSummary>
</TestRun>